13:27:14.244 INFO - Launching a standalone Selenium Server
13:27:14.419 INFO - Java: Oracle Corporation 25.91-b15
13:27:14.419 INFO - OS: Windows 10 10.0 amd64
13:27:14.429 INFO - v2.53.1, with Core v2.53.1. Built from revision a36b8b1
13:27:14.484 INFO - Driver class not found: com.opera.core.systems.OperaDriver
13:27:14.484 INFO - Driver provider com.opera.core.systems.OperaDriver is not registered
13:27:14.487 INFO - Driver provider org.openqa.selenium.safari.SafariDriver registration is skipped:
registration capabilities Capabilities [{browserName=safari, version=, platform=MAC}] does not match the current platform WIN10
13:27:14.487 INFO - Driver class not found: org.openqa.selenium.htmlunit.HtmlUnitDriver
13:27:14.487 INFO - Driver provider org.openqa.selenium.htmlunit.HtmlUnitDriver is not registered
13:27:14.712 INFO - RemoteWebDriver instances should connect to: http://127.0.0.1:4444/wd/hub
13:27:14.712 INFO - Selenium Server is up and running
13:27:15.780 INFO - Executing: [new session: Capabilities [{acceptSslCerts=true, name=Demo1, browserName=firefox, javascriptEnabled=true, platform=ANY}]])
13:27:15.780 INFO - Executing: [new session: Capabilities [{acceptSslCerts=true, name=Demo2, browserName=firefox, javascriptEnabled=true, platform=ANY}]])
13:27:15.780 INFO - Executing: [new session: Capabilities [{acceptSslCerts=true, name=Demo3, browserName=firefox, javascriptEnabled=true, platform=ANY}]])
13:27:15.788 INFO - Creating a new session for Capabilities [{acceptSslCerts=true, name=Demo1, browserName=firefox, javascriptEnabled=true, platform=ANY}]
13:27:15.788 INFO - Creating a new session for Capabilities [{acceptSslCerts=true, name=Demo3, browserName=firefox, javascriptEnabled=true, platform=ANY}]
13:27:15.788 INFO - Creating a new session for Capabilities [{acceptSslCerts=true, name=Demo2, browserName=firefox, javascriptEnabled=true, platform=ANY}]
13:27:22.241 INFO - Done: [new session: Capabilities [{acceptSslCerts=true, name=Demo1, browserName=firefox, javascriptEnabled=true, platform=ANY}]]
13:27:22.260 INFO - Executing: [get: http://www.google.com])
13:27:26.476 INFO - Done: [get: http://www.google.com]
13:27:26.491 INFO - Executing: [find elements: By.cssSelector: body])
13:27:27.077 INFO - Done: [find elements: By.cssSelector: body]
13:27:27.084 INFO - Executing: [is displayed: 0 [[FirefoxDriver: firefox on WINDOWS (85ae7a35-11e1-4d9f-a1af-205412ab4f96)] -> css selector: body]])
13:27:27.102 INFO - Done: [is displayed: 0 [[FirefoxDriver: firefox on WINDOWS (85ae7a35-11e1-4d9f-a1af-205412ab4f96)] -> css selector: body]]
13:27:27.109 INFO - Executing: [find element: By.cssSelector: input[type=text]])
13:27:27.124 INFO - Done: [find element: By.cssSelector: input[type=text]]
13:27:27.132 INFO - Executing: [send keys: 1 [[FirefoxDriver: firefox on WINDOWS (85ae7a35-11e1-4d9f-a1af-205412ab4f96)] -> css selector: input[type=text]], [n, i, g, h, t, w, a, t, c, h]])
13:27:27.240 INFO - Done: [send keys: 1 [[FirefoxDriver: firefox on WINDOWS (85ae7a35-11e1-4d9f-a1af-205412ab4f96)] -> css selector: input[type=text]], [n, i, g, h, t, w, a, t, c, h]]
13:27:27.252 INFO - Executing: [find elements: By.cssSelector: button[name=btnG]])
13:27:27.269 INFO - Done: [find elements: By.cssSelector: button[name=btnG]]
13:27:27.273 INFO - Executing: [is displayed: 2 [[FirefoxDriver: firefox on WINDOWS (85ae7a35-11e1-4d9f-a1af-205412ab4f96)] -> css selector: button[name=btnG]]])
13:27:27.290 INFO - Done: [is displayed: 2 [[FirefoxDriver: firefox on WINDOWS (85ae7a35-11e1-4d9f-a1af-205412ab4f96)] -> css selector: button[name=btnG]]]
13:27:27.296 INFO - Executing: [find element: By.cssSelector: button[name=btnG]])
13:27:27.307 INFO - Done: [find element: By.cssSelector: button[name=btnG]]
13:27:27.312 INFO - Executing: [click: 2 [[FirefoxDriver: firefox on WINDOWS (85ae7a35-11e1-4d9f-a1af-205412ab4f96)] -> css selector: button[name=btnG]]])
13:27:27.456 INFO - Done: [click: 2 [[FirefoxDriver: firefox on WINDOWS (85ae7a35-11e1-4d9f-a1af-205412ab4f96)] -> css selector: button[name=btnG]]]
13:27:28.149 INFO - Done: [new session: Capabilities [{acceptSslCerts=true, name=Demo3, browserName=firefox, javascriptEnabled=true, platform=ANY}]]
13:27:28.168 INFO - Executing: [get: http://www.google.com])
13:27:28.466 INFO - Executing: [find element: By.cssSelector: #main])
13:27:29.868 INFO - Done: [find element: By.cssSelector: #main]
13:27:29.874 INFO - Executing: [get text: 3 [[FirefoxDriver: firefox on WINDOWS (85ae7a35-11e1-4d9f-a1af-205412ab4f96)] -> css selector: #main]])
13:27:30.253 INFO - Done: [get: http://www.google.com]
13:27:30.266 INFO - Executing: [find elements: By.cssSelector: body])
13:27:30.538 INFO - Done: [find elements: By.cssSelector: body]
13:27:30.544 INFO - Executing: [is displayed: 0 [[FirefoxDriver: firefox on WINDOWS (9091db1e-8e01-4937-b372-84d74df4c947)] -> css selector: body]])
13:27:30.557 INFO - Done: [is displayed: 0 [[FirefoxDriver: firefox on WINDOWS (9091db1e-8e01-4937-b372-84d74df4c947)] -> css selector: body]]
13:27:30.566 INFO - Executing: [find element: By.cssSelector: input[type=text]])
13:27:30.585 INFO - Done: [find element: By.cssSelector: input[type=text]]
13:27:30.592 INFO - Executing: [send keys: 1 [[FirefoxDriver: firefox on WINDOWS (9091db1e-8e01-4937-b372-84d74df4c947)] -> css selector: input[type=text]], [r, o, o, s, e, v, e, l, t]])
13:27:30.708 INFO - Done: [send keys: 1 [[FirefoxDriver: firefox on WINDOWS (9091db1e-8e01-4937-b372-84d74df4c947)] -> css selector: input[type=text]], [r, o, o, s, e, v, e, l, t]]
13:27:30.718 INFO - Executing: [find elements: By.cssSelector: button[name=btnG]])
13:27:30.733 INFO - Done: [find elements: By.cssSelector: button[name=btnG]]
13:27:30.738 INFO - Executing: [is displayed: 2 [[FirefoxDriver: firefox on WINDOWS (9091db1e-8e01-4937-b372-84d74df4c947)] -> css selector: button[name=btnG]]])
13:27:30.768 INFO - Done: [is displayed: 2 [[FirefoxDriver: firefox on WINDOWS (9091db1e-8e01-4937-b372-84d74df4c947)] -> css selector: button[name=btnG]]]
13:27:30.773 INFO - Executing: [find element: By.cssSelector: button[name=btnG]])
13:27:30.787 INFO - Done: [find element: By.cssSelector: button[name=btnG]]
13:27:30.793 INFO - Executing: [click: 2 [[FirefoxDriver: firefox on WINDOWS (9091db1e-8e01-4937-b372-84d74df4c947)] -> css selector: button[name=btnG]]])
13:27:30.959 INFO - Done: [click: 2 [[FirefoxDriver: firefox on WINDOWS (9091db1e-8e01-4937-b372-84d74df4c947)] -> css selector: button[name=btnG]]]
13:27:31.968 INFO - Executing: [find element: By.cssSelector: #main])
13:27:31.985 INFO - Done: [find element: By.cssSelector: #main]
13:27:31.990 INFO - Executing: [get text: 3 [[FirefoxDriver: firefox on WINDOWS (9091db1e-8e01-4937-b372-84d74df4c947)] -> css selector: #main]])
13:27:32.502 INFO - Done: [get text: 3 [[FirefoxDriver: firefox on WINDOWS (9091db1e-8e01-4937-b372-84d74df4c947)] -> css selector: #main]]
13:27:32.509 INFO - Executing: [delete session: 83548a40-29e5-4e4c-8abe-21e2738e4b45])
13:27:34.081 INFO - Done: [delete session: 83548a40-29e5-4e4c-8abe-21e2738e4b45]
13:27:34.571 INFO - Done: [get text: 3 [[FirefoxDriver: firefox on WINDOWS (85ae7a35-11e1-4d9f-a1af-205412ab4f96)] -> css selector: #main]]
13:27:34.593 INFO - Executing: [delete session: 41c3ac5c-ac77-4abb-8373-0d9db0dbf23b])
13:27:34.724 INFO - Done: [new session: Capabilities [{acceptSslCerts=true, name=Demo2, browserName=firefox, javascriptEnabled=true, platform=ANY}]]
13:27:34.741 INFO - Executing: [get: http://www.google.com])
13:27:35.791 INFO - Done: [delete session: 41c3ac5c-ac77-4abb-8373-0d9db0dbf23b]
13:27:35.804 INFO - Executing: [new session: Capabilities [{acceptSslCerts=true, name=Demo1, browserName=firefox, javascriptEnabled=true, platform=ANY}]])
13:27:35.807 INFO - Creating a new session for Capabilities [{acceptSslCerts=true, name=Demo1, browserName=firefox, javascriptEnabled=true, platform=ANY}]
13:27:36.965 INFO - Done: [get: http://www.google.com]
13:27:36.975 INFO - Executing: [find elements: By.cssSelector: body])
13:27:37.252 INFO - Done: [find elements: By.cssSelector: body]
13:27:37.257 INFO - Executing: [is displayed: 0 [[FirefoxDriver: firefox on WINDOWS (856f0b6e-ba93-4e0a-984e-ca5fcec53099)] -> css selector: body]])
13:27:37.279 INFO - Done: [is displayed: 0 [[FirefoxDriver: firefox on WINDOWS (856f0b6e-ba93-4e0a-984e-ca5fcec53099)] -> css selector: body]]
13:27:37.286 INFO - Executing: [find element: By.cssSelector: input[type=text]])
13:27:37.301 INFO - Done: [find element: By.cssSelector: input[type=text]]
13:27:37.307 INFO - Executing: [send keys: 1 [[FirefoxDriver: firefox on WINDOWS (856f0b6e-ba93-4e0a-984e-ca5fcec53099)] -> css selector: input[type=text]], [t, r, u, m, p]])
13:27:37.404 INFO - Done: [send keys: 1 [[FirefoxDriver: firefox on WINDOWS (856f0b6e-ba93-4e0a-984e-ca5fcec53099)] -> css selector: input[type=text]], [t, r, u, m, p]]
13:27:37.415 INFO - Executing: [find elements: By.cssSelector: button[name=btnG]])
13:27:37.429 INFO - Done: [find elements: By.cssSelector: button[name=btnG]]
13:27:37.434 INFO - Executing: [is displayed: 2 [[FirefoxDriver: firefox on WINDOWS (856f0b6e-ba93-4e0a-984e-ca5fcec53099)] -> css selector: button[name=btnG]]])
13:27:37.454 INFO - Done: [is displayed: 2 [[FirefoxDriver: firefox on WINDOWS (856f0b6e-ba93-4e0a-984e-ca5fcec53099)] -> css selector: button[name=btnG]]]
13:27:37.459 INFO - Executing: [find element: By.cssSelector: button[name=btnG]])
13:27:37.474 INFO - Done: [find element: By.cssSelector: button[name=btnG]]
13:27:37.478 INFO - Executing: [click: 2 [[FirefoxDriver: firefox on WINDOWS (856f0b6e-ba93-4e0a-984e-ca5fcec53099)] -> css selector: button[name=btnG]]])
13:27:37.622 INFO - Done: [click: 2 [[FirefoxDriver: firefox on WINDOWS (856f0b6e-ba93-4e0a-984e-ca5fcec53099)] -> css selector: button[name=btnG]]]
13:27:38.630 INFO - Executing: [find element: By.cssSelector: #main])
13:27:40.037 INFO - Done: [find element: By.cssSelector: #main]
13:27:40.041 INFO - Executing: [get text: 3 [[FirefoxDriver: firefox on WINDOWS (856f0b6e-ba93-4e0a-984e-ca5fcec53099)] -> css selector: #main]])
13:27:41.325 INFO - Done: [new session: Capabilities [{acceptSslCerts=true, name=Demo1, browserName=firefox, javascriptEnabled=true, platform=ANY}]]
13:27:41.337 INFO - Executing: [get: http://www.google.com])
13:27:43.703 INFO - Done: [get: http://www.google.com]
13:27:43.711 INFO - Executing: [find elements: By.cssSelector: body])
13:27:44.001 INFO - Done: [find elements: By.cssSelector: body]
13:27:44.005 INFO - Executing: [is displayed: 0 [[FirefoxDriver: firefox on WINDOWS (f956d1b4-fe88-4373-9463-e92e35bc5969)] -> css selector: body]])
13:27:44.028 INFO - Done: [is displayed: 0 [[FirefoxDriver: firefox on WINDOWS (f956d1b4-fe88-4373-9463-e92e35bc5969)] -> css selector: body]]
13:27:44.033 INFO - Executing: [find element: By.cssSelector: input[type=text]])
13:27:44.051 INFO - Done: [find element: By.cssSelector: input[type=text]]
13:27:44.055 INFO - Executing: [send keys: 1 [[FirefoxDriver: firefox on WINDOWS (f956d1b4-fe88-4373-9463-e92e35bc5969)] -> css selector: input[type=text]], [n, i, g, h, t, w, a, t, c, h]])
13:27:44.198 INFO - Done: [send keys: 1 [[FirefoxDriver: firefox on WINDOWS (f956d1b4-fe88-4373-9463-e92e35bc5969)] -> css selector: input[type=text]], [n, i, g, h, t, w, a, t, c, h]]
13:27:44.204 INFO - Executing: [find elements: By.cssSelector: button[name=btnG]])
13:27:44.220 INFO - Done: [find elements: By.cssSelector: button[name=btnG]]
13:27:44.225 INFO - Executing: [is displayed: 2 [[FirefoxDriver: firefox on WINDOWS (f956d1b4-fe88-4373-9463-e92e35bc5969)] -> css selector: button[name=btnG]]])
13:27:44.252 INFO - Done: [is displayed: 2 [[FirefoxDriver: firefox on WINDOWS (f956d1b4-fe88-4373-9463-e92e35bc5969)] -> css selector: button[name=btnG]]]
13:27:44.257 INFO - Executing: [find element: By.cssSelector: button[name=btnG]])
13:27:44.286 INFO - Done: [find element: By.cssSelector: button[name=btnG]]
13:27:44.294 INFO - Executing: [click: 2 [[FirefoxDriver: firefox on WINDOWS (f956d1b4-fe88-4373-9463-e92e35bc5969)] -> css selector: button[name=btnG]]])
13:27:44.489 INFO - Done: [click: 2 [[FirefoxDriver: firefox on WINDOWS (f956d1b4-fe88-4373-9463-e92e35bc5969)] -> css selector: button[name=btnG]]]
13:27:45.504 INFO - Executing: [find element: By.cssSelector: #main])
13:27:45.987 INFO - Done: [find element: By.cssSelector: #main]
13:27:45.993 INFO - Executing: [get text: 3 [[FirefoxDriver: firefox on WINDOWS (f956d1b4-fe88-4373-9463-e92e35bc5969)] -> css selector: #main]])
13:27:47.295 INFO - Done: [get text: 3 [[FirefoxDriver: firefox on WINDOWS (856f0b6e-ba93-4e0a-984e-ca5fcec53099)] -> css selector: #main]]
13:27:47.303 INFO - Executing: [delete session: 74867c2a-de38-44c7-844f-fb4a4b0eba5f])
13:27:48.288 INFO - Done: [delete session: 74867c2a-de38-44c7-844f-fb4a4b0eba5f]
13:27:48.298 INFO - Executing: [new session: Capabilities [{acceptSslCerts=true, name=Demo2, browserName=firefox, javascriptEnabled=true, platform=ANY}]])
13:27:48.300 INFO - Creating a new session for Capabilities [{acceptSslCerts=true, name=Demo2, browserName=firefox, javascriptEnabled=true, platform=ANY}]
13:27:49.282 INFO - Done: [get text: 3 [[FirefoxDriver: firefox on WINDOWS (f956d1b4-fe88-4373-9463-e92e35bc5969)] -> css selector: #main]]
13:27:49.286 INFO - Executing: [delete session: 9a6aca3d-9613-40bb-b87f-928109e02acd])
13:27:50.147 INFO - Done: [delete session: 9a6aca3d-9613-40bb-b87f-928109e02acd]
13:27:52.852 INFO - Done: [new session: Capabilities [{acceptSslCerts=true, name=Demo2, browserName=firefox, javascriptEnabled=true, platform=ANY}]]
13:27:52.862 INFO - Executing: [get: http://www.google.com])
13:27:56.046 INFO - Done: [get: http://www.google.com]
13:27:56.052 INFO - Executing: [find elements: By.cssSelector: body])
13:27:56.211 INFO - Done: [find elements: By.cssSelector: body]
13:27:56.215 INFO - Executing: [is displayed: 0 [[FirefoxDriver: firefox on WINDOWS (2421ac8a-9b11-4f50-9fa5-c7ecf7e15e0d)] -> css selector: body]])
13:27:56.227 INFO - Done: [is displayed: 0 [[FirefoxDriver: firefox on WINDOWS (2421ac8a-9b11-4f50-9fa5-c7ecf7e15e0d)] -> css selector: body]]
13:27:56.231 INFO - Executing: [find element: By.cssSelector: input[type=text]])
13:27:56.245 INFO - Done: [find element: By.cssSelector: input[type=text]]
13:27:56.250 INFO - Executing: [send keys: 1 [[FirefoxDriver: firefox on WINDOWS (2421ac8a-9b11-4f50-9fa5-c7ecf7e15e0d)] -> css selector: input[type=text]], [m, a, i, n, e]])
13:27:56.325 INFO - Done: [send keys: 1 [[FirefoxDriver: firefox on WINDOWS (2421ac8a-9b11-4f50-9fa5-c7ecf7e15e0d)] -> css selector: input[type=text]], [m, a, i, n, e]]
13:27:56.328 INFO - Executing: [find elements: By.cssSelector: button[name=btnG]])
13:27:56.341 INFO - Done: [find elements: By.cssSelector: button[name=btnG]]
13:27:56.344 INFO - Executing: [is displayed: 2 [[FirefoxDriver: firefox on WINDOWS (2421ac8a-9b11-4f50-9fa5-c7ecf7e15e0d)] -> css selector: button[name=btnG]]])
13:27:56.365 INFO - Done: [is displayed: 2 [[FirefoxDriver: firefox on WINDOWS (2421ac8a-9b11-4f50-9fa5-c7ecf7e15e0d)] -> css selector: button[name=btnG]]]
13:27:56.373 INFO - Executing: [find element: By.cssSelector: button[name=btnG]])
13:27:56.383 INFO - Done: [find element: By.cssSelector: button[name=btnG]]
13:27:56.386 INFO - Executing: [click: 2 [[FirefoxDriver: firefox on WINDOWS (2421ac8a-9b11-4f50-9fa5-c7ecf7e15e0d)] -> css selector: button[name=btnG]]])
13:27:56.494 INFO - Done: [click: 2 [[FirefoxDriver: firefox on WINDOWS (2421ac8a-9b11-4f50-9fa5-c7ecf7e15e0d)] -> css selector: button[name=btnG]]]
13:27:57.498 INFO - Executing: [delete session: 2b439ed2-9f6c-4204-a2b7-8ef3e3c5320f])
13:27:58.236 INFO - Done: [delete session: 2b439ed2-9f6c-4204-a2b7-8ef3e3c5320f]
